<?xml version="1.0" encoding="UTF-8"?>
<!-- Generated by org.testng.reporters.JUnitReportReporter -->
<testsuite hostname="Mayank-PC" failures="0" tests="1" name="cucumberOptions.TestRunner" time="48.216" errors="0" timestamp="9 Jan 2021 02:52:55 GMT">
  <testcase classname="cucumberOptions.TestRunner" name="feature" time="48.216"/>
</testsuite> <!-- cucumberOptions.TestRunner -->
